{"/home/emma/repos/nectarhr-challenge/src/controllers/reverse.ts": {"path":"/home/emma/repos/nectarhr-challenge/src/controllers/reverse.ts","statementMap":{"0":{"start":{"line":3,"column":53},"end":{"line":22,"column":1}},"1":{"start":{"line":5,"column":2},"end":{"line":5,"column":60}},"2":{"start":{"line":5,"column":37},"end":{"line":5,"column":60}},"3":{"start":{"line":7,"column":43},"end":{"line":7,"column":45}},"4":{"start":{"line":10,"column":2},"end":{"line":18,"column":3}},"5":{"start":{"line":13,"column":24},"end":{"line":13,"column":56}},"6":{"start":{"line":14,"column":26},"end":{"line":14,"column":60}},"7":{"start":{"line":17,"column":4},"end":{"line":17,"column":42}},"8":{"start":{"line":21,"column":2},"end":{"line":21,"column":21}}},"fnMap":{"0":{"name":"(anonymous_0)","decl":{"start":{"line":3,"column":53},"end":{"line":3,"column":54}},"loc":{"start":{"line":3,"column":67},"end":{"line":22,"column":1}},"line":3}},"branchMap":{"0":{"loc":{"start":{"line":5,"column":2},"end":{"line":5,"column":60}},"type":"if","locations":[{"start":{"line":5,"column":2},"end":{"line":5,"column":60}},{"start":{},"end":{}}],"line":5}},"s":{"0":1,"1":2,"2":1,"3":1,"4":1,"5":1,"6":1,"7":1,"8":1},"f":{"0":2},"b":{"0":[1,1]},"_coverageSchema":"1a1c01bbd47fc00a2c39e90264f33305004495a9","hash":"ce36dc8803dca0d800633d7443223eac43bc248f"}
}
