{"/home/emma/repos/nectarhr-challenge/src/controllers/reverse.ts": {"path":"/home/emma/repos/nectarhr-challenge/src/controllers/reverse.ts","statementMap":{"0":{"start":{"line":3,"column":53},"end":{"line":31,"column":1}},"1":{"start":{"line":5,"column":2},"end":{"line":5,"column":77}},"2":{"start":{"line":5,"column":50},"end":{"line":5,"column":77}},"3":{"start":{"line":7,"column":43},"end":{"line":7,"column":45}},"4":{"start":{"line":10,"column":2},"end":{"line":27,"column":null}},"5":{"start":{"line":12,"column":24},"end":{"line":12,"column":56}},"6":{"start":{"line":13,"column":26},"end":{"line":13,"column":60}},"7":{"start":{"line":25,"column":4},"end":{"line":25,"column":42}},"8":{"start":{"line":30,"column":2},"end":{"line":30,"column":21}},"9":{"start":{"line":3,"column":13},"end":{"line":3,"column":53}}},"fnMap":{"0":{"name":"(anonymous_0)","decl":{"start":{"line":3,"column":53},"end":{"line":3,"column":54}},"loc":{"start":{"line":3,"column":66},"end":{"line":31,"column":1}}}},"branchMap":{"0":{"loc":{"start":{"line":5,"column":2},"end":{"line":5,"column":77}},"type":"if","locations":[{"start":{"line":5,"column":2},"end":{"line":5,"column":77}}]},"1":{"loc":{"start":{"line":5,"column":6},"end":{"line":5,"column":48}},"type":"binary-expr","locations":[{"start":{"line":5,"column":6},"end":{"line":5,"column":15}},{"start":{"line":5,"column":19},"end":{"line":5,"column":48}}]}},"s":{"0":1,"1":2,"2":1,"3":1,"4":1,"5":1,"6":1,"7":1,"8":1,"9":1},"f":{"0":2},"b":{"0":[1],"1":[2,2]}}
}
